Initializing watch and sync loop...
Changes detected, syncing...
[main e4cbb50] chore: auto-sync dashboard state [2026-04-29T08:44:43+0000]
 2 files changed, 3 insertions(+), 1 deletion(-)
 create mode 100644 watch_sync.log
To github.com:Donna-polsen/donnas-mission-control.git
   60f7ea2..e4cbb50  main -> main
Changes detected, syncing...
[main 6d0a38b] chore: auto-sync dashboard state [2026-04-29T08:45:13+0000]
 1 file changed, 6 insertions(+)
To github.com:Donna-polsen/donnas-mission-control.git
   e4cbb50..6d0a38b  main -> main
Changes detected, syncing...
[main 470caaf] chore: auto-sync dashboard state [2026-04-29T08:45:44+0000]
 1 file changed, 5 insertions(+)
To github.com:Donna-polsen/donnas-mission-control.git
   6d0a38b..470caaf  main -> main
Changes detected, syncing...
[main f9408e1] chore: auto-sync dashboard state [2026-04-29T08:46:15+0000]
 1 file changed, 5 insertions(+)
To github.com:Donna-polsen/donnas-mission-control.git
   470caaf..f9408e1  main -> main
Changes detected, syncing...
[main f7487f6] chore: auto-sync dashboard state [2026-04-29T08:46:46+0000]
 2 files changed, 6 insertions(+)
To github.com:Donna-polsen/donnas-mission-control.git
   f9408e1..f7487f6  main -> main
Changes detected, syncing...
[main 40ce066] chore: auto-sync dashboard state [2026-04-29T08:47:17+0000]
 1 file changed, 5 insertions(+)
To github.com:Donna-polsen/donnas-mission-control.git
   f7487f6..40ce066  main -> main
Changes detected, syncing...
[main 2aee196] chore: auto-sync dashboard state [2026-04-29T08:47:48+0000]
 1 file changed, 5 insertions(+)
To github.com:Donna-polsen/donnas-mission-control.git
   40ce066..2aee196  main -> main
Changes detected, syncing...
[main a0ec5e7] chore: auto-sync dashboard state [2026-04-29T08:48:19+0000]
 1 file changed, 5 insertions(+)
To github.com:Donna-polsen/donnas-mission-control.git
   2aee196..a0ec5e7  main -> main
Changes detected, syncing...
[main f5b3a35] chore: auto-sync dashboard state [2026-04-29T08:48:50+0000]
 1 file changed, 5 insertions(+)
To github.com:Donna-polsen/donnas-mission-control.git
   a0ec5e7..f5b3a35  main -> main
Changes detected, syncing...
[main 87cfd7f] chore: auto-sync dashboard state [2026-04-29T08:49:20+0000]
 1 file changed, 5 insertions(+)
To github.com:Donna-polsen/donnas-mission-control.git
   f5b3a35..87cfd7f  main -> main
Changes detected, syncing...
[main 0fed40f] chore: auto-sync dashboard state [2026-04-29T08:49:51+0000]
 1 file changed, 5 insertions(+)
To github.com:Donna-polsen/donnas-mission-control.git
   87cfd7f..0fed40f  main -> main
Changes detected, syncing...
[main 5507a9c] chore: auto-sync dashboard state [2026-04-29T08:50:22+0000]
 1 file changed, 5 insertions(+)
To github.com:Donna-polsen/donnas-mission-control.git
   0fed40f..5507a9c  main -> main
Changes detected, syncing...
[main 52bdb67] chore: auto-sync dashboard state [2026-04-29T08:50:53+0000]
 1 file changed, 5 insertions(+)
To github.com:Donna-polsen/donnas-mission-control.git
   5507a9c..52bdb67  main -> main
Changes detected, syncing...
[main a6d4711] chore: auto-sync dashboard state [2026-04-29T08:51:24+0000]
 1 file changed, 5 insertions(+)
To github.com:Donna-polsen/donnas-mission-control.git
   52bdb67..a6d4711  main -> main
Changes detected, syncing...
[main 8f19076] chore: auto-sync dashboard state [2026-04-29T08:51:55+0000]
 1 file changed, 5 insertions(+)
To github.com:Donna-polsen/donnas-mission-control.git
   a6d4711..8f19076  main -> main
Changes detected, syncing...
[main f5ce8be] chore: auto-sync dashboard state [2026-04-29T08:52:25+0000]
 1 file changed, 5 insertions(+)
To github.com:Donna-polsen/donnas-mission-control.git
   8f19076..f5ce8be  main -> main
Changes detected, syncing...
[main 5ec97e6] chore: auto-sync dashboard state [2026-04-29T08:52:56+0000]
 1 file changed, 5 insertions(+)
To github.com:Donna-polsen/donnas-mission-control.git
   f5ce8be..5ec97e6  main -> main
Changes detected, syncing...
[main 6ca2618] chore: auto-sync dashboard state [2026-04-29T08:53:27+0000]
 1 file changed, 5 insertions(+)
To github.com:Donna-polsen/donnas-mission-control.git
   5ec97e6..6ca2618  main -> main
Changes detected, syncing...
[main a2c2e22] chore: auto-sync dashboard state [2026-04-29T08:53:58+0000]
 1 file changed, 5 insertions(+)
To github.com:Donna-polsen/donnas-mission-control.git
   6ca2618..a2c2e22  main -> main
Changes detected, syncing...
[main 9982d28] chore: auto-sync dashboard state [2026-04-29T08:54:29+0000]
 1 file changed, 5 insertions(+)
To github.com:Donna-polsen/donnas-mission-control.git
   a2c2e22..9982d28  main -> main
Changes detected, syncing...
[main e6ef320] chore: auto-sync dashboard state [2026-04-29T08:55:00+0000]
 1 file changed, 5 insertions(+)
To github.com:Donna-polsen/donnas-mission-control.git
   9982d28..e6ef320  main -> main
Changes detected, syncing...
[main db97eff] chore: auto-sync dashboard state [2026-04-29T08:55:30+0000]
 1 file changed, 5 insertions(+)
To github.com:Donna-polsen/donnas-mission-control.git
   e6ef320..db97eff  main -> main
Changes detected, syncing...
[main f50b60d] chore: auto-sync dashboard state [2026-04-29T08:56:01+0000]
 1 file changed, 5 insertions(+)
To github.com:Donna-polsen/donnas-mission-control.git
   db97eff..f50b60d  main -> main
Changes detected, syncing...
[main d279fbb] chore: auto-sync dashboard state [2026-04-29T08:56:32+0000]
 2 files changed, 6 insertions(+)
To github.com:Donna-polsen/donnas-mission-control.git
   f50b60d..d279fbb  main -> main
Changes detected, syncing...
[main da8b464] chore: auto-sync dashboard state [2026-04-29T08:57:03+0000]
 2 files changed, 6 insertions(+)
To github.com:Donna-polsen/donnas-mission-control.git
   d279fbb..da8b464  main -> main
Changes detected, syncing...
[main 789d22b] chore: auto-sync dashboard state [2026-04-29T08:57:34+0000]
 1 file changed, 5 insertions(+)
To github.com:Donna-polsen/donnas-mission-control.git
   da8b464..789d22b  main -> main
Changes detected, syncing...
[main 0d3e85e] chore: auto-sync dashboard state [2026-04-29T08:58:05+0000]
 1 file changed, 5 insertions(+)
To github.com:Donna-polsen/donnas-mission-control.git
   789d22b..0d3e85e  main -> main
Changes detected, syncing...
[main c83042e] chore: auto-sync dashboard state [2026-04-29T08:58:35+0000]
 1 file changed, 5 insertions(+)
To github.com:Donna-polsen/donnas-mission-control.git
   0d3e85e..c83042e  main -> main
Changes detected, syncing...
